<?xml version="1.0" encoding="UTF-8"?>
<!-- Generated by org.testng.reporters.JUnitReportReporter -->
<testsuite hostname="Harshs-MacBook-Pro.local" failures="0" tests="1" name="runnerClass.RunnerIO" time="41.207" errors="0" timestamp="2024-08-09T18:43:08 IST" skipped="0">
  <testcase classname="runnerClass.RunnerIO" name="runScenario" time="41.207"/>
</testsuite> <!-- runnerClass.RunnerIO -->
